[2020-10-12 12:26:20.593] [renderer1] [error] <syntax> TypeScript Server Error (4.0.2)
Debug Failure. False expression: Expected line to be non-zero
Error: Debug Failure. False expression: Expected line to be non-zero
    at failIfInvalidLocation (/snap/code/46/usr/share/code/resources/app/extensions/node_modules/typescript/lib/tsserver.js:147309:22)
    at ScriptInfo.positionToLineOffset (/snap/code/46/usr/share/code/resources/app/extensions/node_modules/typescript/lib/tsserver.js:147276:17)
    at toProtocolTextSpan (/snap/code/46/usr/share/code/resources/app/extensions/node_modules/typescript/lib/tsserver.js:155027:35)
    at /snap/code/46/usr/share/code/resources/app/extensions/node_modules/typescript/lib/tsserver.js:154501:68
    at Array.map (<anonymous>)
    at IOSession.Session.toLocationNavigationTree (/snap/code/46/usr/share/code/resources/app/extensions/node_modules/typescript/lib/tsserver.js:154501:39)
    at IOSession.Session.getNavigationTree (/snap/code/46/usr/share/code/resources/app/extensions/node_modules/typescript/lib/tsserver.js:154512:32)
    at Session.handlers.ts.Map.ts.getEntries._a.<computed> (/snap/code/46/usr/share/code/resources/app/extensions/node_modules/typescript/lib/tsserver.js:153302:61)
    at /snap/code/46/usr/share/code/resources/app/extensions/node_modules/typescript/lib/tsserver.js:154953:88
    at IOSession.Session.executeWithRequestId (/snap/code/46/usr/share/code/resources/app/extensions/node_modules/typescript/lib/tsserver.js:154944:28)
    at IOSession.Session.executeCommand (/snap/code/46/usr/share/code/resources/app/extensions/node_modules/typescript/lib/tsserver.js:154953:33)
    at IOSession.Session.onMessage (/snap/code/46/usr/share/code/resources/app/extensions/node_modules/typescript/lib/tsserver.js:154977:35)
    at Interface.<anonymous> (/snap/code/46/usr/share/code/resources/app/extensions/node_modules/typescript/lib/tsserver.js:157193:27)
    at Interface.emit (events.js:223:5)
    at Interface._onLine (readline.js:315:10)
    at Interface._normalWrite (readline.js:460:12)
    at Socket.ondata (readline.js:172:10)
    at Socket.emit (events.js:223:5)
    at addChunk (_stream_readable.js:309:12)
    at readableAddChunk (_stream_readable.js:290:11)
    at Socket.Readable.push (_stream_readable.js:224:10)
    at Pipe.onStreamRead (internal/stream_base_commons.js:181:23): Error: <syntax> TypeScript Server Error (4.0.2)
Debug Failure. False expression: Expected line to be non-zero
Error: Debug Failure. False expression: Expected line to be non-zero
    at failIfInvalidLocation (/snap/code/46/usr/share/code/resources/app/extensions/node_modules/typescript/lib/tsserver.js:147309:22)
    at ScriptInfo.positionToLineOffset (/snap/code/46/usr/share/code/resources/app/extensions/node_modules/typescript/lib/tsserver.js:147276:17)
    at toProtocolTextSpan (/snap/code/46/usr/share/code/resources/app/extensions/node_modules/typescript/lib/tsserver.js:155027:35)
    at /snap/code/46/usr/share/code/resources/app/extensions/node_modules/typescript/lib/tsserver.js:154501:68
    at Array.map (<anonymous>)
    at IOSession.Session.toLocationNavigationTree (/snap/code/46/usr/share/code/resources/app/extensions/node_modules/typescript/lib/tsserver.js:154501:39)
    at IOSession.Session.getNavigationTree (/snap/code/46/usr/share/code/resources/app/extensions/node_modules/typescript/lib/tsserver.js:154512:32)
    at Session.handlers.ts.Map.ts.getEntries._a.<computed> (/snap/code/46/usr/share/code/resources/app/extensions/node_modules/typescript/lib/tsserver.js:153302:61)
    at /snap/code/46/usr/share/code/resources/app/extensions/node_modules/typescript/lib/tsserver.js:154953:88
    at IOSession.Session.executeWithRequestId (/snap/code/46/usr/share/code/resources/app/extensions/node_modules/typescript/lib/tsserver.js:154944:28)
    at IOSession.Session.executeCommand (/snap/code/46/usr/share/code/resources/app/extensions/node_modules/typescript/lib/tsserver.js:154953:33)
    at IOSession.Session.onMessage (/snap/code/46/usr/share/code/resources/app/extensions/node_modules/typescript/lib/tsserver.js:154977:35)
    at Interface.<anonymous> (/snap/code/46/usr/share/code/resources/app/extensions/node_modules/typescript/lib/tsserver.js:157193:27)
    at Interface.emit (events.js:223:5)
    at Interface._onLine (readline.js:315:10)
    at Interface._normalWrite (readline.js:460:12)
    at Socket.ondata (readline.js:172:10)
    at Socket.emit (events.js:223:5)
    at addChunk (_stream_readable.js:309:12)
    at readableAddChunk (_stream_readable.js:290:11)
    at Socket.Readable.push (_stream_readable.js:224:10)
    at Pipe.onStreamRead (internal/stream_base_commons.js:181:23)
	at Function.create (/snap/code/46/usr/share/code/resources/app/extensions/typescript-language-features/dist/extension.js:1:76465)
	at h.dispatchResponse (/snap/code/46/usr/share/code/resources/app/extensions/typescript-language-features/dist/extension.js:1:70340)
	at h.dispatchMessage (/snap/code/46/usr/share/code/resources/app/extensions/typescript-language-features/dist/extension.js:1:69199)
	at /snap/code/46/usr/share/code/resources/app/extensions/typescript-language-features/dist/extension.js:1:68709
	at l.fire (/snap/code/46/usr/share/code/resources/app/out/vs/workbench/services/extensions/node/extensionHostProcess.js:46:475)
	at g.onLengthData (/snap/code/46/usr/share/code/resources/app/extensions/typescript-language-features/dist/extension.js:45:60018)
	at Socket.<anonymous> (/snap/code/46/usr/share/code/resources/app/extensions/typescript-language-features/dist/extension.js:45:59666)
	at Socket.emit (events.js:223:5)
	at addChunk (_stream_readable.js:309:12)
	at readableAddChunk (_stream_readable.js:290:11)
	at Socket.Readable.push (_stream_readable.js:224:10)
	at Pipe.onStreamRead (internal/stream_base_commons.js:181:23)
[2020-10-12 12:27:58.543] [renderer1] [error] <syntax> TypeScript Server Error (4.0.2)
Debug Failure. False expression: Expected line to be non-zero
Error: Debug Failure. False expression: Expected line to be non-zero
    at failIfInvalidLocation (/snap/code/46/usr/share/code/resources/app/extensions/node_modules/typescript/lib/tsserver.js:147309:22)
    at ScriptInfo.positionToLineOffset (/snap/code/46/usr/share/code/resources/app/extensions/node_modules/typescript/lib/tsserver.js:147276:17)
    at toProtocolTextSpan (/snap/code/46/usr/share/code/resources/app/extensions/node_modules/typescript/lib/tsserver.js:155027:35)
    at /snap/code/46/usr/share/code/resources/app/extensions/node_modules/typescript/lib/tsserver.js:154501:68
    at Array.map (<anonymous>)
    at IOSession.Session.toLocationNavigationTree (/snap/code/46/usr/share/code/resources/app/extensions/node_modules/typescript/lib/tsserver.js:154501:39)
    at IOSession.Session.getNavigationTree (/snap/code/46/usr/share/code/resources/app/extensions/node_modules/typescript/lib/tsserver.js:154512:32)
    at Session.handlers.ts.Map.ts.getEntries._a.<computed> (/snap/code/46/usr/share/code/resources/app/extensions/node_modules/typescript/lib/tsserver.js:153302:61)
    at /snap/code/46/usr/share/code/resources/app/extensions/node_modules/typescript/lib/tsserver.js:154953:88
    at IOSession.Session.executeWithRequestId (/snap/code/46/usr/share/code/resources/app/extensions/node_modules/typescript/lib/tsserver.js:154944:28)
    at IOSession.Session.executeCommand (/snap/code/46/usr/share/code/resources/app/extensions/node_modules/typescript/lib/tsserver.js:154953:33)
    at IOSession.Session.onMessage (/snap/code/46/usr/share/code/resources/app/extensions/node_modules/typescript/lib/tsserver.js:154977:35)
    at Interface.<anonymous> (/snap/code/46/usr/share/code/resources/app/extensions/node_modules/typescript/lib/tsserver.js:157193:27)
    at Interface.emit (events.js:223:5)
    at Interface._onLine (readline.js:315:10)
    at Interface._normalWrite (readline.js:460:12)
    at Socket.ondata (readline.js:172:10)
    at Socket.emit (events.js:223:5)
    at addChunk (_stream_readable.js:309:12)
    at readableAddChunk (_stream_readable.js:290:11)
    at Socket.Readable.push (_stream_readable.js:224:10)
    at Pipe.onStreamRead (internal/stream_base_commons.js:181:23): Error: <syntax> TypeScript Server Error (4.0.2)
Debug Failure. False expression: Expected line to be non-zero
Error: Debug Failure. False expression: Expected line to be non-zero
    at failIfInvalidLocation (/snap/code/46/usr/share/code/resources/app/extensions/node_modules/typescript/lib/tsserver.js:147309:22)
    at ScriptInfo.positionToLineOffset (/snap/code/46/usr/share/code/resources/app/extensions/node_modules/typescript/lib/tsserver.js:147276:17)
    at toProtocolTextSpan (/snap/code/46/usr/share/code/resources/app/extensions/node_modules/typescript/lib/tsserver.js:155027:35)
    at /snap/code/46/usr/share/code/resources/app/extensions/node_modules/typescript/lib/tsserver.js:154501:68
    at Array.map (<anonymous>)
    at IOSession.Session.toLocationNavigationTree (/snap/code/46/usr/share/code/resources/app/extensions/node_modules/typescript/lib/tsserver.js:154501:39)
    at IOSession.Session.getNavigationTree (/snap/code/46/usr/share/code/resources/app/extensions/node_modules/typescript/lib/tsserver.js:154512:32)
    at Session.handlers.ts.Map.ts.getEntries._a.<computed> (/snap/code/46/usr/share/code/resources/app/extensions/node_modules/typescript/lib/tsserver.js:153302:61)
    at /snap/code/46/usr/share/code/resources/app/extensions/node_modules/typescript/lib/tsserver.js:154953:88
    at IOSession.Session.executeWithRequestId (/snap/code/46/usr/share/code/resources/app/extensions/node_modules/typescript/lib/tsserver.js:154944:28)
    at IOSession.Session.executeCommand (/snap/code/46/usr/share/code/resources/app/extensions/node_modules/typescript/lib/tsserver.js:154953:33)
    at IOSession.Session.onMessage (/snap/code/46/usr/share/code/resources/app/extensions/node_modules/typescript/lib/tsserver.js:154977:35)
    at Interface.<anonymous> (/snap/code/46/usr/share/code/resources/app/extensions/node_modules/typescript/lib/tsserver.js:157193:27)
    at Interface.emit (events.js:223:5)
    at Interface._onLine (readline.js:315:10)
    at Interface._normalWrite (readline.js:460:12)
    at Socket.ondata (readline.js:172:10)
    at Socket.emit (events.js:223:5)
    at addChunk (_stream_readable.js:309:12)
    at readableAddChunk (_stream_readable.js:290:11)
    at Socket.Readable.push (_stream_readable.js:224:10)
    at Pipe.onStreamRead (internal/stream_base_commons.js:181:23)
	at Function.create (/snap/code/46/usr/share/code/resources/app/extensions/typescript-language-features/dist/extension.js:1:76465)
	at h.dispatchResponse (/snap/code/46/usr/share/code/resources/app/extensions/typescript-language-features/dist/extension.js:1:70340)
	at h.dispatchMessage (/snap/code/46/usr/share/code/resources/app/extensions/typescript-language-features/dist/extension.js:1:69199)
	at /snap/code/46/usr/share/code/resources/app/extensions/typescript-language-features/dist/extension.js:1:68709
	at l.fire (/snap/code/46/usr/share/code/resources/app/out/vs/workbench/services/extensions/node/extensionHostProcess.js:46:475)
	at g.onLengthData (/snap/code/46/usr/share/code/resources/app/extensions/typescript-language-features/dist/extension.js:45:60018)
	at Socket.<anonymous> (/snap/code/46/usr/share/code/resources/app/extensions/typescript-language-features/dist/extension.js:45:59666)
	at Socket.emit (events.js:223:5)
	at addChunk (_stream_readable.js:309:12)
	at readableAddChunk (_stream_readable.js:290:11)
	at Socket.Readable.push (_stream_readable.js:224:10)
	at Pipe.onStreamRead (internal/stream_base_commons.js:181:23)
